<?xml version="1.0" encoding="UTF-8"?>
<!-- Generated by org.testng.reporters.JUnitXMLReporter -->
<testsuite ignored="0" hostname="IN-PG02NJQL" failures="1" tests="1" name="Customer Care Test" time="1.353" errors="0" timestamp="2022-10-07T01:00:15 IST">
  <testcase classname="training.assignment.testcase.CustomerCareTest" name="customerCareTest" time="0.581">
    <failure type="java.lang.AssertionError" message="expected [Online Shopping Site for Mobiles, Electronics, Furniture, Grocery, Lifestyle, Books &amp;amp; More. Best Offers!] but found [Flipkart Help Center | 24x7 Customer Care Support]">
      <![CDATA[java.lang.AssertionError: expected [Online Shopping Site for Mobiles, Electronics, Furniture, Grocery, Lifestyle, Books & More. Best Offers!] but found [Flipkart Help Center | 24x7 Customer Care Support]
at training.assignment.testcase.CustomerCareTest.customerCareTest(CustomerCareTest.java:26)
at java.base/java.util.ArrayList.forEach(ArrayList.java:1540)
... Removed 33 stack frames]]>
    </failure>
  </testcase> <!-- customerCareTest -->
</testsuite> <!-- Customer Care Test -->
