<?xml version="1.0" encoding="UTF-8"?>
<!-- Generated by org.testng.reporters.JUnitXMLReporter -->
<testsuite ignored="0" hostname="IN-PG02NJQL" failures="21" tests="21" name="Test" time="0.088" errors="0" timestamp="2022-10-06T23:00:37 IST">
  <testcase classname="training.assignment.testcase.CheckWishListTest" name="checkWishListTest" time="0.007">
    <failure type="java.lang.NullPointerException">
      <![CDATA[java.lang.NullPointerException
at training.assignment.testcase.CheckWishListTest.checkWishListTest(CheckWishListTest.java:22)
at java.base/java.util.ArrayList.forEach(ArrayList.java:1540)
... Removed 27 stack frames]]>
    </failure>
  </testcase> <!-- checkWishListTest -->
  <testcase classname="training.assignment.testcase.SellerTest" name="sellerTest" time="0.002">
    <failure type="java.lang.NullPointerException">
      <![CDATA[java.lang.NullPointerException
at training.assignment.testcase.SellerTest.sellerTest(SellerTest.java:19)
at java.base/java.util.ArrayList.forEach(ArrayList.java:1540)
... Removed 27 stack frames]]>
    </failure>
  </testcase> <!-- sellerTest -->
  <testcase classname="training.assignment.testcase.NotificationPreferenceTest" name="notificationPreferenceTest" time="0.002">
    <failure type="java.lang.NullPointerException">
      <![CDATA[java.lang.NullPointerException
at training.assignment.testcase.NotificationPreferenceTest.notificationPreferenceTest(NotificationPreferenceTest.java:23)
at java.base/java.util.ArrayList.forEach(ArrayList.java:1540)
... Removed 27 stack frames]]>
    </failure>
  </testcase> <!-- notificationPreferenceTest -->
  <testcase classname="training.assignment.testcase.DownloadAppTest" name="downloadTest" time="0.001">
    <failure type="java.lang.NullPointerException">
      <![CDATA[java.lang.NullPointerException
at training.assignment.testcase.DownloadAppTest.downloadTest(DownloadAppTest.java:21)
at java.base/java.util.ArrayList.forEach(ArrayList.java:1540)
... Removed 27 stack frames]]>
    </failure>
  </testcase> <!-- downloadTest -->
  <testcase classname="training.assignment.testcase.LogoutTest" name="logoutTest" time="0.001">
    <failure type="java.lang.NullPointerException">
      <![CDATA[java.lang.NullPointerException
at training.assignment.testcase.LogoutTest.logoutTest(LogoutTest.java:21)
at java.base/java.util.ArrayList.forEach(ArrayList.java:1540)
... Removed 27 stack frames]]>
    </failure>
  </testcase> <!-- logoutTest -->
  <testcase classname="training.assignment.testcase.NotificationTest" name="superCoinTest" time="0.0">
    <failure type="java.lang.NullPointerException">
      <![CDATA[java.lang.NullPointerException
at training.assignment.testcase.NotificationTest.superCoinTest(NotificationTest.java:22)
at java.base/java.util.ArrayList.forEach(ArrayList.java:1540)
... Removed 27 stack frames]]>
    </failure>
  </testcase> <!-- superCoinTest -->
  <testcase classname="training.assignment.testcase.SuperCoinTest" name="superCoinTest" time="0.002">
    <failure type="java.lang.NullPointerException">
      <![CDATA[java.lang.NullPointerException
at training.assignment.testcase.SuperCoinTest.superCoinTest(SuperCoinTest.java:21)
at java.base/java.util.ArrayList.forEach(ArrayList.java:1540)
... Removed 27 stack frames]]>
    </failure>
  </testcase> <!-- superCoinTest -->
  <testcase classname="training.assignment.testcase.SearchTest" name="searchTest" time="0.002">
    <failure type="java.lang.NullPointerException">
      <![CDATA[java.lang.NullPointerException
at training.assignment.testcase.SearchTest.searchTest(SearchTest.java:19)
at java.base/java.util.ArrayList.forEach(ArrayList.java:1540)
... Removed 27 stack frames]]>
    </failure>
  </testcase> <!-- searchTest -->
  <testcase classname="training.assignment.testcase.LoginTest" name="correctemailtest" time="0.001">
    <failure type="java.lang.NullPointerException">
      <![CDATA[java.lang.NullPointerException
at training.assignment.testcase.LoginTest.correctemailtest(LoginTest.java:13)
at java.base/java.util.ArrayList.forEach(ArrayList.java:1540)
... Removed 27 stack frames]]>
    </failure>
  </testcase> <!-- correctemailtest -->
  <testcase classname="training.assignment.testcase.ProfileTest" name="Profile" time="0.0">
    <failure type="java.lang.NullPointerException">
      <![CDATA[java.lang.NullPointerException
at training.assignment.testcase.ProfileTest.Profile(ProfileTest.java:23)
at java.base/java.util.ArrayList.forEach(ArrayList.java:1540)
... Removed 27 stack frames]]>
    </failure>
  </testcase> <!-- Profile -->
  <testcase classname="training.assignment.testcase.CheckOrdersTest" name="checkOrder" time="0.0">
    <failure type="java.lang.NullPointerException">
      <![CDATA[java.lang.NullPointerException
at training.assignment.testcase.CheckOrdersTest.checkOrder(CheckOrdersTest.java:22)
at java.base/java.util.ArrayList.forEach(ArrayList.java:1540)
... Removed 27 stack frames]]>
    </failure>
  </testcase> <!-- checkOrder -->
  <testcase classname="training.assignment.testcase.AddToCartTest" name="cartTest" time="0.001">
    <failure type="java.lang.NullPointerException">
      <![CDATA[java.lang.NullPointerException
at training.assignment.testcase.AddToCartTest.cartTest(AddToCartTest.java:23)
at java.base/java.util.ArrayList.forEach(ArrayList.java:1540)
... Removed 27 stack frames]]>
    </failure>
  </testcase> <!-- cartTest -->
  <testcase classname="training.assignment.testcase.AdvertiseTest" name="advertiseTest" time="0.001">
    <failure type="java.lang.NullPointerException">
      <![CDATA[java.lang.NullPointerException
at training.assignment.testcase.AdvertiseTest.advertiseTest(AdvertiseTest.java:22)
at java.base/java.util.ArrayList.forEach(ArrayList.java:1540)
... Removed 27 stack frames]]>
    </failure>
  </testcase> <!-- advertiseTest -->
  <testcase classname="training.assignment.testcase.RemoveItemTest" name="removeItem" time="0.001">
    <failure type="java.lang.NullPointerException">
      <![CDATA[java.lang.NullPointerException
at training.assignment.testcase.RemoveItemTest.removeItem(RemoveItemTest.java:19)
at java.base/java.util.ArrayList.forEach(ArrayList.java:1540)
... Removed 27 stack frames]]>
    </failure>
  </testcase> <!-- removeItem -->
  <testcase classname="training.assignment.testcase.GoToCartTest" name="CartButton" time="0.0">
    <failure type="java.lang.NullPointerException">
      <![CDATA[java.lang.NullPointerException
at training.assignment.testcase.GoToCartTest.CartButton(GoToCartTest.java:18)
at java.base/java.util.ArrayList.forEach(ArrayList.java:1540)
... Removed 27 stack frames]]>
    </failure>
  </testcase> <!-- CartButton -->
  <testcase classname="training.assignment.testcase.GiftCardTest" name="giftCard" time="0.001">
    <failure type="java.lang.NullPointerException">
      <![CDATA[java.lang.NullPointerException
at training.assignment.testcase.GiftCardTest.giftCard(GiftCardTest.java:20)
at java.base/java.util.ArrayList.forEach(ArrayList.java:1540)
... Removed 27 stack frames]]>
    </failure>
  </testcase> <!-- giftCard -->
  <testcase classname="training.assignment.testcase.CheckCouponsTest" name="checkCoupons" time="0.0">
    <failure type="java.lang.NullPointerException">
      <![CDATA[java.lang.NullPointerException
at training.assignment.testcase.CheckCouponsTest.checkCoupons(CheckCouponsTest.java:22)
at java.base/java.util.ArrayList.forEach(ArrayList.java:1540)
... Removed 27 stack frames]]>
    </failure>
  </testcase> <!-- checkCoupons -->
  <testcase classname="training.assignment.testcase.CheckHomeAndFurnTest" name="homeAndfurnTest" time="0.001">
    <failure type="java.lang.NullPointerException">
      <![CDATA[java.lang.NullPointerException
at training.assignment.testcase.CheckHomeAndFurnTest.homeAndfurnTest(CheckHomeAndFurnTest.java:21)
at java.base/java.util.ArrayList.forEach(ArrayList.java:1540)
... Removed 27 stack frames]]>
    </failure>
  </testcase> <!-- homeAndfurnTest -->
  <testcase classname="training.assignment.testcase.FlipkartPlusZoneTest" name="flipkartPlusZoneTest" time="0.001">
    <failure type="java.lang.NullPointerException">
      <![CDATA[java.lang.NullPointerException
at training.assignment.testcase.FlipkartPlusZoneTest.flipkartPlusZoneTest(FlipkartPlusZoneTest.java:22)
at java.base/java.util.ArrayList.forEach(ArrayList.java:1540)
... Removed 27 stack frames]]>
    </failure>
  </testcase> <!-- flipkartPlusZoneTest -->
  <testcase classname="training.assignment.testcase.CustomerCareTest" name="customerCareTest" time="0.001">
    <failure type="java.lang.NullPointerException">
      <![CDATA[java.lang.NullPointerException
at training.assignment.testcase.CustomerCareTest.customerCareTest(CustomerCareTest.java:22)
at java.base/java.util.ArrayList.forEach(ArrayList.java:1540)
... Removed 27 stack frames]]>
    </failure>
  </testcase> <!-- customerCareTest -->
  <testcase classname="training.assignment.testcase.FindGroceryTest" name="grocertTest" time="0.001">
    <failure type="java.lang.NullPointerException">
      <![CDATA[java.lang.NullPointerException
at training.assignment.testcase.FindGroceryTest.grocertTest(FindGroceryTest.java:24)
at java.base/java.util.ArrayList.forEach(ArrayList.java:1540)
... Removed 27 stack frames]]>
    </failure>
  </testcase> <!-- grocertTest -->
</testsuite> <!-- Test -->
