<?xml version="1.0" encoding="UTF-8"?>
<!-- Generated by org.testng.reporters.JUnitXMLReporter -->
<testsuite ignored="0" hostname="IN-PG02NJQL" failures="0" tests="1" name="Add To Cart Test" time="0.008" errors="0" timestamp="2022-10-06T16:55:31 IST">
  <testcase classname="training.assignment.base.BasePage" name="@BeforeMethod enterurl" time="0.0">
    <skipped/>
  </testcase> <!-- @BeforeMethod enterurl -->
  <testcase classname="training.assignment.testcase.AddToCartTest" name="@BeforeMethod openProductUrl" time="0.0">
    <skipped/>
  </testcase> <!-- @BeforeMethod openProductUrl -->
  <testcase classname="training.assignment.base.BasePage" name="@AfterMethod afterMethod" time="0.0">
    <skipped/>
  </testcase> <!-- @AfterMethod afterMethod -->
  <testcase classname="training.assignment.testcase.AddToCartTest" name="cartTest" time="0.0">
    <skipped/>
  </testcase> <!-- cartTest -->
</testsuite> <!-- Add To Cart Test -->
