<?xml version="1.0" encoding="UTF-8"?>
<!-- Generated by org.testng.reporters.JUnitXMLReporter -->
<testsuite ignored="0" hostname="IN-PG02NJQL" failures="0" tests="1" name="Login Test" time="0.02" errors="0" timestamp="2022-10-06T16:55:31 IST">
  <testcase classname="training.assignment.base.BasePage" name="@BeforeMethod enterurl" time="0.0">
    <skipped/>
  </testcase> <!-- @BeforeMethod enterurl -->
  <testcase classname="training.assignment.base.BasePage" name="@AfterMethod afterMethod" time="0.0">
    <skipped/>
  </testcase> <!-- @AfterMethod afterMethod -->
  <testcase classname="training.assignment.testcase.LoginTest" name="correctemailtest" time="0.0">
    <skipped/>
  </testcase> <!-- correctemailtest -->
</testsuite> <!-- Login Test -->
