<?xml version="1.0" encoding="UTF-8"?>
<!-- Generated by org.testng.reporters.JUnitXMLReporter -->
<testsuite ignored="0" hostname="IN-PG02NJQL" failures="0" tests="1" name="Logout Test" time="0.002" errors="0" timestamp="2022-10-06T16:55:31 IST">
  <testcase classname="training.assignment.base.BasePage" name="@BeforeMethod enterurl" time="0.0">
    <skipped/>
  </testcase> <!-- @BeforeMethod enterurl -->
  <testcase classname="training.assignment.testcase.LogoutTest" name="@BeforeMethod login" time="0.0">
    <skipped/>
  </testcase> <!-- @BeforeMethod login -->
  <testcase classname="training.assignment.base.BasePage" name="@AfterMethod afterMethod" time="0.0">
    <skipped/>
  </testcase> <!-- @AfterMethod afterMethod -->
  <testcase classname="training.assignment.testcase.LogoutTest" name="logoutTest" time="0.0">
    <skipped/>
  </testcase> <!-- logoutTest -->
</testsuite> <!-- Logout Test -->
